[debug] [2021-01-22T06:14:33.403Z] ----------------------------------------------------------------------
[debug] [2021-01-22T06:14:33.405Z] Command:       C:\Program Files\nodejs\node.exe C:\Users\sajeeth\AppData\Roaming\npm\node_modules\firebase-tools\lib\bin\firebase.js deploy
[debug] [2021-01-22T06:14:33.405Z] CLI Version:   9.0.1
[debug] [2021-01-22T06:14:33.405Z] Platform:      win32
[debug] [2021-01-22T06:14:33.405Z] Node Version:  v14.15.1
[debug] [2021-01-22T06:14:33.406Z] Time:          Fri Jan 22 2021 11:44:33 GMT+0530 (India Standard Time)
[debug] [2021-01-22T06:14:33.406Z] ----------------------------------------------------------------------
[debug] [2021-01-22T06:14:33.406Z] 
[debug] [2021-01-22T06:14:33.412Z] > command requires scopes: ["email","openid","https://www.googleapis.com/auth/cloudplatformprojects.readonly","https://www.googleapis.com/auth/firebase","https://www.googleapis.com/auth/cloud-platform"]
[debug] [2021-01-22T06:14:33.413Z] > authorizing via signed-in user
[debug] [2021-01-22T06:14:33.413Z] [iam] checking project ysb-crm for permissions ["firebase.projects.get","firebasehosting.sites.update"]
[debug] [2021-01-22T06:14:33.416Z] >>> HTTP REQUEST POST https://cloudresourcemanager.googleapis.com/v1/projects/ysb-crm:testIamPermissions  
 {"permissions":["firebase.projects.get","firebasehosting.sites.update"]}
[debug] [2021-01-22T06:14:35.060Z] <<< HTTP RESPONSE 200 {"content-type":"application/json; charset=UTF-8","vary":"X-Origin, Referer, Origin,Accept-Encoding","date":"Fri, 22 Jan 2021 06:14:37 GMT","server":"ESF","cache-control":"private","x-xss-protection":"0","x-frame-options":"SAMEORIGIN","x-content-type-options":"nosniff","server-timing":"gfet4t7; dur=1365","alt-svc":"h3-29=\":443\"; ma=2592000,h3-T051=\":443\"; ma=2592000,h3-Q050=\":443\"; ma=2592000,h3-Q046=\":443\"; ma=2592000,h3-Q043=\":443\"; ma=2592000,quic=\":443\"; ma=2592000; v=\"46,43\"","accept-ranges":"none","transfer-encoding":"chunked"}
[debug] [2021-01-22T06:14:35.062Z] >>> HTTP REQUEST GET https://firebase.googleapis.com/v1beta1/projects/ysb-crm  
 
[debug] [2021-01-22T06:14:35.541Z] <<< HTTP RESPONSE 200 {"content-type":"application/json; charset=UTF-8","vary":"X-Origin, Referer, Origin,Accept-Encoding","date":"Fri, 22 Jan 2021 06:14:37 GMT","server":"ESF","cache-control":"private","x-xss-protection":"0","x-frame-options":"SAMEORIGIN","x-content-type-options":"nosniff","alt-svc":"h3-29=\":443\"; ma=2592000,h3-T051=\":443\"; ma=2592000,h3-Q050=\":443\"; ma=2592000,h3-Q046=\":443\"; ma=2592000,h3-Q043=\":443\"; ma=2592000,quic=\":443\"; ma=2592000; v=\"46,43\"","accept-ranges":"none","transfer-encoding":"chunked"}
[info] 
[info] === Deploying to 'ysb-crm'...
[info] 
[info] i  deploying hosting 
[debug] [2021-01-22T06:14:35.562Z] >>> HTTP REQUEST POST https://firebasehosting.googleapis.com/v1beta1/sites/ysb-crm/versions  
 {"config":{"rewrites":[{"glob":"**","path":"/index.html"}]},"labels":{"deployment-tool":"cli-firebase"}}
[debug] [2021-01-22T06:14:37.667Z] <<< HTTP RESPONSE 200 {"content-type":"application/json; charset=UTF-8","vary":"X-Origin, Referer, Origin,Accept-Encoding","date":"Fri, 22 Jan 2021 06:14:39 GMT","server":"ESF","cache-control":"private","x-xss-protection":"0","x-frame-options":"SAMEORIGIN","x-content-type-options":"nosniff","alt-svc":"h3-29=\":443\"; ma=2592000,h3-T051=\":443\"; ma=2592000,h3-Q050=\":443\"; ma=2592000,h3-Q046=\":443\"; ma=2592000,h3-Q043=\":443\"; ma=2592000,quic=\":443\"; ma=2592000; v=\"46,43\"","accept-ranges":"none","transfer-encoding":"chunked"}
[info] i  hosting[ysb-crm]: beginning deploy... 
[info] i  hosting[ysb-crm]: found 41 files in dist 
[debug] [2021-01-22T06:14:38.299Z] > refreshing access token with scopes: []
[debug] [2021-01-22T06:14:38.299Z] >>> HTTP REQUEST POST https://www.googleapis.com/oauth2/v3/token  
 <request body omitted>
[debug] [2021-01-22T06:14:38.301Z] [hosting] hash cache [ZGlzdA] stored for 41 files
[debug] [2021-01-22T06:14:38.301Z] [hosting][hash queue][FINAL] {"max":568,"min":35,"avg":51.95121951219511,"active":0,"complete":41,"success":41,"errored":0,"retried":0,"total":41,"elapsed":581}
[debug] [2021-01-22T06:14:38.576Z] <<< HTTP RESPONSE 200 {"cache-control":"no-cache, no-store, max-age=0, must-revalidate","pragma":"no-cache","date":"Fri, 22 Jan 2021 06:14:40 GMT","expires":"Mon, 01 Jan 1990 00:00:00 GMT","content-type":"application/json; charset=utf-8","vary":"X-Origin, Referer, Origin,Accept-Encoding","server":"scaffolding on HTTPServer2","x-xss-protection":"0","x-frame-options":"SAMEORIGIN","x-content-type-options":"nosniff","alt-svc":"h3-29=\":443\"; ma=2592000,h3-T051=\":443\"; ma=2592000,h3-Q050=\":443\"; ma=2592000,h3-Q046=\":443\"; ma=2592000,h3-Q043=\":443\"; ma=2592000,quic=\":443\"; ma=2592000; v=\"46,43\"","accept-ranges":"none","transfer-encoding":"chunked"}
[debug] [2021-01-22T06:14:38.590Z] >>> [apiv2][query] POST https://firebasehosting.googleapis.com/v1beta1/sites/ysb-crm/versions/9184e926f8ba0162:populateFiles [none]
[debug] [2021-01-22T06:14:38.591Z] >>> [apiv2][body] POST https://firebasehosting.googleapis.com/v1beta1/sites/ysb-crm/versions/9184e926f8ba0162:populateFiles {"files":{"/index.html":"307cc4ebe79006b9f8c053fee724102eb980b10ee4f5c330998afecaafa9351a","/manifest.json":"61d97d3da94917e6f8e4d89d5338f163d0a42de4acf8df3dae194b607c758873","/favicon.ico":"d5451f0f0f0bcbcd433bbdf4f6e7e5d89d8ecce2650649e969ccb5e5cd499ab2","/precache-manifest.f723f372a81653dbbe826132282af6e3.js":"21bfede2668117dff24af3916562c82e11927c9a7f05fbe97873d2ade870659e","/robots.txt":"8c8992414cc7101f8c9952a566181d667e7343481f8e7b05c55103b1bfa0d899","/service-worker.js":"c7892f7e3e7e59841a7e3f8b4829d6519476750f74f210d64ee325d6493ee5d6","/css/app.1caffc5e.css":"919853fbd0b9e735ddefbca0653cc856231c5827db6a2eb69b9b218d3bcd0ed9","/css/signup.c4c4eb33.css":"dae71574ff7bb7a07c8ac489cb90f425eb6967e35bb79263318fe648c8d384f0","/img/icons/android-chrome-192x192.png":"1601e903dd5b96e7c51bdee83280c7e8b892853c060a6a5678149b4f610ba735","/img/icons/android-chrome-maskable-192x192.png":"76fc6664d1279c54fe7dcd7fa9e0fa75b15701705f42e0d88f0f28f1352136c2","/img/icons/apple-touch-icon-120x120.png":"a2b303962234b7b42b405855d47d9a22125ec3835aa8beaa93993a48f20324da","/css/CustomerPage~EmployeePage~OrderPage~ProductPage.845837c4.css":"03be5ffb0f50f41193a43bab8e399afaecb39561d51eb421b2621713a141a2e6","/img/icons/apple-touch-icon-152x152.png":"e04c47d9eb83b7310e18c61b9a531a332bc3131e59569c98ba07558c496b3d33","/img/icons/apple-touch-icon-180x180.png":"8d722cc9bea5f346f0c3f7f9686fe2803bda1f4996aafe816e8d1f47fe374eb6","/img/icons/apple-touch-icon-60x60.png":"761604748c0c0d3d231e2747ed07b1495d89cda574952633ee29cff7b31396a0","/img/icons/apple-touch-icon-76x76.png":"3e6243fc37a9487794d6505c204d7bb4786e951e1fb9e47b1d19e246927c3bbe","/img/icons/apple-touch-icon.png":"cca573c20d4737f0a01bf331344e0615f84d08af1b5f79b1fb0672db8a9029f8","/img/icons/favicon-16x16.png":"b12d84a1fdd892ea42334cc7b237580def4eca259f32f35e61cfb17436fb0b91","/img/icons/favicon-32x32.png":"09ce0ae6c14174313689c48296aa7d496bfc7487cb380684782338c1344ac259","/img/icons/msapplication-icon-144x144.png":"053f2a18f911c8e69d830d8313e5cb959736fe7ddbaba4aff3cd9c0a2b2f4c3c","/img/icons/safari-pinned-tab.svg":"be26e0d5d251ccc760e49d2034d4845afaf459a1738180cc719b447c2dc1a49a","/img/icons/mstile-150x150.png":"31d5a5aa6e6b4e0e49ea49360e2aeb05c9c49b7597feb63ec58d674960d928b5","/js/app.9f75ae5d.js":"b1397007c655d4a034a78bfb6b65ae7376ab712975e28579c337844d94bae611","/js/CustomerPage.d79e5bb7.js":"b3d0ea7d0843630b71409c37c0b6c5157c610367294ff5f5263920830832be42","/js/CustomerPage.d79e5bb7.js.map":"d225bb2dbedcdd0ba458a804dca74c4b2d83d5c73e79cf8b5c49fc5c24685c9a","/js/EmployeePage.1fa8edf0.js":"c554ad02cd2cd841c7321465740a75b7ba0629c8a1cfe672fa0e4f78be688852","/js/EmployeePage.1fa8edf0.js.map":"9967aa29716119b92d56454f476fa492dfe3590f9e7d1a963065e77fa72654a0","/js/OrderPage.6e4671b8.js":"8337a77ff4b7c2de4b7252518b1b038d0e15523c9e1e903e0862e036007f9391","/js/ProductPage.3a98437a.js":"ee789fa9f9f607dd0feade9a154ed319cc18f71eb0ec8e1b4d4a6703cdf8d7d6","/js/ProductPage.3a98437a.js.map":"410aa4d1efdea707e5fa96f9a0eb29a32aff318dc5afa14c26542ff8ef421016","/js/OrderPage.6e4671b8.js.map":"5f444de58fc4a9e80cfd28cfdb51adf10b6c5ec5b2d639687409cd9a3d5dcd1e","/js/signup.9c58af3b.js":"4138f7dc620d49891e18bb1491600631adbb4134fd5c9a903f020f4a6a107250","/js/signup.9c58af3b.js.map":"7ebfbb95b7c9278a165131cb1aabecc9100b8582d5588ec0a6327ce4f495efc3","/img/icons/android-chrome-512x512.png":"863d4e6c2a82e9e206ec585699d392b8979403d79a6da7db1789b893bfcbbd4b","/img/icons/android-chrome-maskable-512x512.png":"8617f715fd1581c7adf3d90e457f2b52d99a7383846820ea0faf31395f37155c","/js/app.9f75ae5d.js.map":"5f6ae094767e97198261f8e7701ee04ab772938a288e8c02dddd479dafef5764","/js/CustomerPage~EmployeePage~OrderPage~ProductPage.a8fb5543.js":"a6cd1982e147342c087f2f3811145c5c40c950433cc531440edb56e410dd02ca","/css/chunk-vendors.c3afc968.css":"b4e037f250dfcb6786e973ec926be84cd10642c02ed65b8e01ab8cb9851622f8","/js/CustomerPage~EmployeePage~OrderPage~ProductPage.a8fb5543.js.map":"548ce5709eaf736e561ea8cd303284cffe77c65e5892a01d6ba813f0a6033095","/js/chunk-vendors.81a20646.js":"c1a90e55cb0bc97be3eef6ba7c9aefa6bac89b1f634a42bd6c7a0f62ae15b8dd","/js/chunk-vendors.81a20646.js.map":"b411c1fb558732a5afc9b3240371b1868670de85e5f8ca828b57076dc280379f"}}
